Analysis & Synthesis report for myCPU
Mon Nov 25 11:49:07 2024
Quartus Prime Version 21.1.0 Build 842 10/21/2021 SJ Lite Edition


---------------------
; Table of Contents ;
---------------------
  1. Legal Notice
  2. Analysis & Synthesis Summary
  3. Analysis & Synthesis Settings
  4. Parallel Compilation
  5. Analysis & Synthesis Source Files Read
  6. Analysis & Synthesis Resource Usage Summary
  7. Analysis & Synthesis Resource Utilization by Entity
  8. Analysis & Synthesis RAM Summary
  9. State Machine - |CentralProcessingUnit|alu_op
 10. State Machine - |CentralProcessingUnit|\ControlUnit:opcode
 11. State Machine - |CentralProcessingUnit|\ControlUnit:next_state
 12. User-Specified and Inferred Latches
 13. Registers Removed During Synthesis
 14. Removed Registers Triggering Further Register Optimizations
 15. General Register Statistics
 16. Inverted Register Statistics
 17. Registers Added for RAM Pass-Through Logic
 18. Multiplexer Restructuring Statistics (Restructuring Performed)
 19. Source assignments for Memory:mem|altsyncram:mem_rtl_0|altsyncram_avm1:auto_generated
 20. Parameter Settings for Inferred Entity Instance: Memory:mem|altsyncram:mem_rtl_0
 21. altsyncram Parameter Settings by Entity Instance
 22. Port Connectivity Checks: "ArithmeticLogicUnit:alu"
 23. Post-Synthesis Netlist Statistics for Top Partition
 24. Elapsed Time Per Partition
 25. Analysis & Synthesis Messages



----------------
; Legal Notice ;
----------------
Copyright (C) 2021  Intel Corporation. All rights reserved.
Your use of Intel Corporation's design tools, logic functions 
and other software and tools, and any partner logic 
functions, and any output files from any of the foregoing 
(including device programming or simulation files), and any 
associated documentation or information are expressly subject 
to the terms and conditions of the Intel Program License 
Subscription Agreement, the Intel Quartus Prime License Agreement,
the Intel FPGA IP License Agreement, or other applicable license
agreement, including, without limitation, that your use is for
the sole purpose of programming logic devices manufactured by
Intel and sold by Intel or its authorized distributors.  Please
refer to the applicable agreement for further details, at
https://fpgasoftware.intel.com/eula.



+-------------------------------------------------------------------------------+
; Analysis & Synthesis Summary                                                  ;
+---------------------------------+---------------------------------------------+
; Analysis & Synthesis Status     ; Successful - Mon Nov 25 11:49:07 2024       ;
; Quartus Prime Version           ; 21.1.0 Build 842 10/21/2021 SJ Lite Edition ;
; Revision Name                   ; myCPU                                       ;
; Top-level Entity Name           ; CentralProcessingUnit                       ;
; Family                          ; Cyclone V                                   ;
; Logic utilization (in ALMs)     ; N/A                                         ;
; Total registers                 ; 120                                         ;
; Total pins                      ; 20                                          ;
; Total virtual pins              ; 0                                           ;
; Total block memory bits         ; 2,048                                       ;
; Total DSP Blocks                ; 0                                           ;
; Total HSSI RX PCSs              ; 0                                           ;
; Total HSSI PMA RX Deserializers ; 0                                           ;
; Total HSSI TX PCSs              ; 0                                           ;
; Total HSSI PMA TX Serializers   ; 0                                           ;
; Total PLLs                      ; 0                                           ;
; Total DLLs                      ; 0                                           ;
+---------------------------------+---------------------------------------------+


+------------------------------------------------------------------------------------------------------------------------------+
; Analysis & Synthesis Settings                                                                                                ;
+---------------------------------------------------------------------------------+-----------------------+--------------------+
; Option                                                                          ; Setting               ; Default Value      ;
+---------------------------------------------------------------------------------+-----------------------+--------------------+
; Device                                                                          ; 5CEBA4F23C7           ;                    ;
; Top-level entity name                                                           ; CentralProcessingUnit ; myCPU              ;
; Family name                                                                     ; Cyclone V             ; Cyclone V          ;
; Use smart compilation                                                           ; Off                   ; Off                ;
; Enable parallel Assembler and Timing Analyzer during compilation                ; On                    ; On                 ;
; Enable compact report table                                                     ; Off                   ; Off                ;
; Restructure Multiplexers                                                        ; Auto                  ; Auto               ;
; MLAB Add Timing Constraints For Mixed-Port Feed-Through Mode Setting Don't Care ; Off                   ; Off                ;
; Create Debugging Nodes for IP Cores                                             ; Off                   ; Off                ;
; Preserve fewer node names                                                       ; On                    ; On                 ;
; Intel FPGA IP Evaluation Mode                                                   ; Enable                ; Enable             ;
; Verilog Version                                                                 ; Verilog_2001          ; Verilog_2001       ;
; VHDL Version                                                                    ; VHDL_1993             ; VHDL_1993          ;
; State Machine Processing                                                        ; Auto                  ; Auto               ;
; Safe State Machine                                                              ; Off                   ; Off                ;
; Extract Verilog State Machines                                                  ; On                    ; On                 ;
; Extract VHDL State Machines                                                     ; On                    ; On                 ;
; Ignore Verilog initial constructs                                               ; Off                   ; Off                ;
; Iteration limit for constant Verilog loops                                      ; 5000                  ; 5000               ;
; Iteration limit for non-constant Verilog loops                                  ; 250                   ; 250                ;
; Add Pass-Through Logic to Inferred RAMs                                         ; On                    ; On                 ;
; Infer RAMs from Raw Logic                                                       ; On                    ; On                 ;
; Parallel Synthesis                                                              ; On                    ; On                 ;
; DSP Block Balancing                                                             ; Auto                  ; Auto               ;
; NOT Gate Push-Back                                                              ; On                    ; On                 ;
; Power-Up Don't Care                                                             ; On                    ; On                 ;
; Remove Redundant Logic Cells                                                    ; Off                   ; Off                ;
; Remove Duplicate Registers                                                      ; On                    ; On                 ;
; Ignore CARRY Buffers                                                            ; Off                   ; Off                ;
; Ignore CASCADE Buffers                                                          ; Off                   ; Off                ;
; Ignore GLOBAL Buffers                                                           ; Off                   ; Off                ;
; Ignore ROW GLOBAL Buffers                                                       ; Off                   ; Off                ;
; Ignore LCELL Buffers                                                            ; Off                   ; Off                ;
; Ignore SOFT Buffers                                                             ; On                    ; On                 ;
; Limit AHDL Integers to 32 Bits                                                  ; Off                   ; Off                ;
; Optimization Technique                                                          ; Balanced              ; Balanced           ;
; Carry Chain Length                                                              ; 70                    ; 70                 ;
; Auto Carry Chains                                                               ; On                    ; On                 ;
; Auto Open-Drain Pins                                                            ; On                    ; On                 ;
; Perform WYSIWYG Primitive Resynthesis                                           ; Off                   ; Off                ;
; Auto ROM Replacement                                                            ; On                    ; On                 ;
; Auto RAM Replacement                                                            ; On                    ; On                 ;
; Auto DSP Block Replacement                                                      ; On                    ; On                 ;
; Auto Shift Register Replacement                                                 ; Auto                  ; Auto               ;
; Allow Shift Register Merging across Hierarchies                                 ; Auto                  ; Auto               ;
; Auto Clock Enable Replacement                                                   ; On                    ; On                 ;
; Strict RAM Replacement                                                          ; Off                   ; Off                ;
; Allow Synchronous Control Signals                                               ; On                    ; On                 ;
; Force Use of Synchronous Clear Signals                                          ; Off                   ; Off                ;
; Auto Resource Sharing                                                           ; Off                   ; Off                ;
; Allow Any RAM Size For Recognition                                              ; Off                   ; Off                ;
; Allow Any ROM Size For Recognition                                              ; Off                   ; Off                ;
; Allow Any Shift Register Size For Recognition                                   ; Off                   ; Off                ;
; Use LogicLock Constraints during Resource Balancing                             ; On                    ; On                 ;
; Ignore translate_off and synthesis_off directives                               ; Off                   ; Off                ;
; Timing-Driven Synthesis                                                         ; On                    ; On                 ;
; Report Parameter Settings                                                       ; On                    ; On                 ;
; Report Source Assignments                                                       ; On                    ; On                 ;
; Report Connectivity Checks                                                      ; On                    ; On                 ;
; Ignore Maximum Fan-Out Assignments                                              ; Off                   ; Off                ;
; Synchronization Register Chain Length                                           ; 3                     ; 3                  ;
; Power Optimization During Synthesis                                             ; Normal compilation    ; Normal compilation ;
; HDL message level                                                               ; Level2                ; Level2             ;
; Suppress Register Optimization Related Messages                                 ; Off                   ; Off                ;
; Number of Removed Registers Reported in Synthesis Report                        ; 5000                  ; 5000               ;
; Number of Swept Nodes Reported in Synthesis Report                              ; 5000                  ; 5000               ;
; Number of Inverted Registers Reported in Synthesis Report                       ; 100                   ; 100                ;
; Clock MUX Protection                                                            ; On                    ; On                 ;
; Auto Gated Clock Conversion                                                     ; Off                   ; Off                ;
; Block Design Naming                                                             ; Auto                  ; Auto               ;
; SDC constraint protection                                                       ; Off                   ; Off                ;
; Synthesis Effort                                                                ; Auto                  ; Auto               ;
; Shift Register Replacement - Allow Asynchronous Clear Signal                    ; On                    ; On                 ;
; Pre-Mapping Resynthesis Optimization                                            ; Off                   ; Off                ;
; Analysis & Synthesis Message Level                                              ; Medium                ; Medium             ;
; Disable Register Merging Across Hierarchies                                     ; Auto                  ; Auto               ;
; Resource Aware Inference For Block RAM                                          ; On                    ; On                 ;
; Automatic Parallel Synthesis                                                    ; On                    ; On                 ;
; Partial Reconfiguration Bitstream ID                                            ; Off                   ; Off                ;
+---------------------------------------------------------------------------------+-----------------------+--------------------+


+------------------------------------------+
; Parallel Compilation                     ;
+----------------------------+-------------+
; Processors                 ; Number      ;
+----------------------------+-------------+
; Number detected on machine ; 4           ;
; Maximum allowed            ; 4           ;
;                            ;             ;
; Average used               ; 1.00        ;
; Maximum used               ; 4           ;
;                            ;             ;
; Usage by Processor         ; % Time Used ;
;     Processor 1            ; 100.0%      ;
;     Processor 2            ;   0.0%      ;
;     Processors 3-4         ;   0.0%      ;
+----------------------------+-------------+


+----------------------------------------------------------------------------------------------------------------------------------------------------------------------------------------------------------+
; Analysis & Synthesis Source Files Read                                                                                                                                                                   ;
+---------------------------------------+-----------------+-------------------------------------------------------+------------------------------------------------------------------------------+---------+
; File Name with User-Entered Path      ; Used in Netlist ; File Type                                             ; File Name with Absolute Path                                                 ; Library ;
+---------------------------------------+-----------------+-------------------------------------------------------+------------------------------------------------------------------------------+---------+
; ArithmeticLogicUnit.vhd               ; yes             ; User VHDL File                                        ; C:/Users/12543033/Desktop/myCPU/ArithmeticLogicUnit.vhd                      ;         ;
; CentralProcessingUnit.vhd             ; yes             ; User VHDL File                                        ; C:/Users/12543033/Desktop/myCPU/CentralProcessingUnit.vhd                    ;         ;
; instructions_t.vhd                    ; yes             ; User VHDL File                                        ; C:/Users/12543033/Desktop/myCPU/instructions_t.vhd                           ;         ;
; Memory.vhd                            ; yes             ; User VHDL File                                        ; C:/Users/12543033/Desktop/myCPU/Memory.vhd                                   ;         ;
; Registers.vhd                         ; yes             ; User VHDL File                                        ; C:/Users/12543033/Desktop/myCPU/Registers.vhd                                ;         ;
; altsyncram.tdf                        ; yes             ; Megafunction                                          ; c:/intelfpga_lite/21.1/quartus/libraries/megafunctions/altsyncram.tdf        ;         ;
; stratix_ram_block.inc                 ; yes             ; Megafunction                                          ; c:/intelfpga_lite/21.1/quartus/libraries/megafunctions/stratix_ram_block.inc ;         ;
; lpm_mux.inc                           ; yes             ; Megafunction                                          ; c:/intelfpga_lite/21.1/quartus/libraries/megafunctions/lpm_mux.inc           ;         ;
; lpm_decode.inc                        ; yes             ; Megafunction                                          ; c:/intelfpga_lite/21.1/quartus/libraries/megafunctions/lpm_decode.inc        ;         ;
; aglobal211.inc                        ; yes             ; Megafunction                                          ; c:/intelfpga_lite/21.1/quartus/libraries/megafunctions/aglobal211.inc        ;         ;
; a_rdenreg.inc                         ; yes             ; Megafunction                                          ; c:/intelfpga_lite/21.1/quartus/libraries/megafunctions/a_rdenreg.inc         ;         ;
; altrom.inc                            ; yes             ; Megafunction                                          ; c:/intelfpga_lite/21.1/quartus/libraries/megafunctions/altrom.inc            ;         ;
; altram.inc                            ; yes             ; Megafunction                                          ; c:/intelfpga_lite/21.1/quartus/libraries/megafunctions/altram.inc            ;         ;
; altdpram.inc                          ; yes             ; Megafunction                                          ; c:/intelfpga_lite/21.1/quartus/libraries/megafunctions/altdpram.inc          ;         ;
; db/altsyncram_avm1.tdf                ; yes             ; Auto-Generated Megafunction                           ; C:/Users/12543033/Desktop/myCPU/db/altsyncram_avm1.tdf                       ;         ;
; db/mycpu.ram0_memory_a0c6519c.hdl.mif ; yes             ; Auto-Generated Auto-Found Memory Initialization File  ; C:/Users/12543033/Desktop/myCPU/db/mycpu.ram0_memory_a0c6519c.hdl.mif        ;         ;
+---------------------------------------+-----------------+-------------------------------------------------------+------------------------------------------------------------------------------+---------+


+---------------------------------------------------------+
; Analysis & Synthesis Resource Usage Summary             ;
+---------------------------------------------+-----------+
; Resource                                    ; Usage     ;
+---------------------------------------------+-----------+
; Estimate of Logic utilization (ALMs needed) ; 118       ;
;                                             ;           ;
; Combinational ALUT usage for logic          ; 154       ;
;     -- 7 input functions                    ; 1         ;
;     -- 6 input functions                    ; 66        ;
;     -- 5 input functions                    ; 20        ;
;     -- 4 input functions                    ; 11        ;
;     -- <=3 input functions                  ; 56        ;
;                                             ;           ;
; Dedicated logic registers                   ; 120       ;
;                                             ;           ;
; I/O pins                                    ; 20        ;
; Total MLAB memory bits                      ; 0         ;
; Total block memory bits                     ; 2048      ;
;                                             ;           ;
; Total DSP Blocks                            ; 0         ;
;                                             ;           ;
; Maximum fan-out node                        ; clk~input ;
; Maximum fan-out                             ; 128       ;
; Total fan-out                               ; 1225      ;
; Average fan-out                             ; 3.80      ;
+---------------------------------------------+-----------+


+-----------------------------------------------------------------------------------------------------------------------------------------------------------------------------------------------------------------------------------------------------------------------------------+
; Analysis & Synthesis Resource Utilization by Entity                                                                                                                                                                                                                               ;
+-------------------------------------------+---------------------+---------------------------+-------------------+------------+------+--------------+---------------------------------------------------------------------------------------+-----------------------+--------------+
; Compilation Hierarchy Node                ; Combinational ALUTs ; Dedicated Logic Registers ; Block Memory Bits ; DSP Blocks ; Pins ; Virtual Pins ; Full Hierarchy Name                                                                   ; Entity Name           ; Library Name ;
+-------------------------------------------+---------------------+---------------------------+-------------------+------------+------+--------------+---------------------------------------------------------------------------------------+-----------------------+--------------+
; |CentralProcessingUnit                    ; 154 (78)            ; 120 (78)                  ; 2048              ; 0          ; 20   ; 0            ; |CentralProcessingUnit                                                                ; CentralProcessingUnit ; work         ;
;    |ArithmeticLogicUnit:alu|              ; 39 (39)             ; 0 (0)                     ; 0                 ; 0          ; 0    ; 0            ; |CentralProcessingUnit|ArithmeticLogicUnit:alu                                        ; ArithmeticLogicUnit   ; work         ;
;    |Memory:mem|                           ; 37 (37)             ; 42 (42)                   ; 2048              ; 0          ; 0    ; 0            ; |CentralProcessingUnit|Memory:mem                                                     ; Memory                ; work         ;
;       |altsyncram:mem_rtl_0|              ; 0 (0)               ; 0 (0)                     ; 2048              ; 0          ; 0    ; 0            ; |CentralProcessingUnit|Memory:mem|altsyncram:mem_rtl_0                                ; altsyncram            ; work         ;
;          |altsyncram_avm1:auto_generated| ; 0 (0)               ; 0 (0)                     ; 2048              ; 0          ; 0    ; 0            ; |CentralProcessingUnit|Memory:mem|altsyncram:mem_rtl_0|altsyncram_avm1:auto_generated ; altsyncram_avm1       ; work         ;
+-------------------------------------------+---------------------+---------------------------+-------------------+------------+------+--------------+---------------------------------------------------------------------------------------+-----------------------+--------------+
Note: For table entries with two numbers listed, the numbers in parentheses indicate the number of resources of the given type used by the specific entity alone. The numbers listed outside of parentheses indicate the total resources of the given type used by the specific entity and all of its sub-entities in the hierarchy.


+----------------------------------------------------------------------------------------------------------------------------------------------------------------------------------------------------------------+
; Analysis & Synthesis RAM Summary                                                                                                                                                                               ;
+---------------------------------------------------------------------------+------+------------------+--------------+--------------+--------------+--------------+------+---------------------------------------+
; Name                                                                      ; Type ; Mode             ; Port A Depth ; Port A Width ; Port B Depth ; Port B Width ; Size ; MIF                                   ;
+---------------------------------------------------------------------------+------+------------------+--------------+--------------+--------------+--------------+------+---------------------------------------+
; Memory:mem|altsyncram:mem_rtl_0|altsyncram_avm1:auto_generated|ALTSYNCRAM ; AUTO ; Simple Dual Port ; 256          ; 8            ; 256          ; 8            ; 2048 ; db/myCPU.ram0_Memory_a0c6519c.hdl.mif ;
+---------------------------------------------------------------------------+------+------------------+--------------+--------------+--------------+--------------+------+---------------------------------------+


Encoding Type:  One-Hot
+-------------------------------------------------------------------------------------------------------------------------------------------------------------------------------------------------------------------------------------+
; State Machine - |CentralProcessingUnit|alu_op                                                                                                                                                                                       ;
+--------------+-------------+------------+-------------+------------+--------------+-------------+------------+------------+------------+-------------+------------+-------------+------------+------------+------------+------------+
; Name         ; alu_op.HALT ; alu_op.MOV ; alu_op.DOUT ; alu_op.DIN ; alu_op.STORE ; alu_op.LOAD ; alu_op.JGR ; alu_op.JEQ ; alu_op.JMP ; alu_op.LNOT ; alu_op.LOR ; alu_op.LAND ; alu_op.CMP ; alu_op.SUB ; alu_op.ADD ; alu_op.NOP ;
+--------------+-------------+------------+-------------+------------+--------------+-------------+------------+------------+------------+-------------+------------+-------------+------------+------------+------------+------------+
; alu_op.NOP   ; 0           ; 0          ; 0           ; 0          ; 0            ; 0           ; 0          ; 0          ; 0          ; 0           ; 0          ; 0           ; 0          ; 0          ; 0          ; 0          ;
; alu_op.ADD   ; 0           ; 0          ; 0           ; 0          ; 0            ; 0           ; 0          ; 0          ; 0          ; 0           ; 0          ; 0           ; 0          ; 0          ; 1          ; 1          ;
; alu_op.SUB   ; 0           ; 0          ; 0           ; 0          ; 0            ; 0           ; 0          ; 0          ; 0          ; 0           ; 0          ; 0           ; 0          ; 1          ; 0          ; 1          ;
; alu_op.CMP   ; 0           ; 0          ; 0           ; 0          ; 0            ; 0           ; 0          ; 0          ; 0          ; 0           ; 0          ; 0           ; 1          ; 0          ; 0          ; 1          ;
; alu_op.LAND  ; 0           ; 0          ; 0           ; 0          ; 0            ; 0           ; 0          ; 0          ; 0          ; 0           ; 0          ; 1           ; 0          ; 0          ; 0          ; 1          ;
; alu_op.LOR   ; 0           ; 0          ; 0           ; 0          ; 0            ; 0           ; 0          ; 0          ; 0          ; 0           ; 1          ; 0           ; 0          ; 0          ; 0          ; 1          ;
; alu_op.LNOT  ; 0           ; 0          ; 0           ; 0          ; 0            ; 0           ; 0          ; 0          ; 0          ; 1           ; 0          ; 0           ; 0          ; 0          ; 0          ; 1          ;
; alu_op.JMP   ; 0           ; 0          ; 0           ; 0          ; 0            ; 0           ; 0          ; 0          ; 1          ; 0           ; 0          ; 0           ; 0          ; 0          ; 0          ; 1          ;
; alu_op.JEQ   ; 0           ; 0          ; 0           ; 0          ; 0            ; 0           ; 0          ; 1          ; 0          ; 0           ; 0          ; 0           ; 0          ; 0          ; 0          ; 1          ;
; alu_op.JGR   ; 0           ; 0          ; 0           ; 0          ; 0            ; 0           ; 1          ; 0          ; 0          ; 0           ; 0          ; 0           ; 0          ; 0          ; 0          ; 1          ;
; alu_op.LOAD  ; 0           ; 0          ; 0           ; 0          ; 0            ; 1           ; 0          ; 0          ; 0          ; 0           ; 0          ; 0           ; 0          ; 0          ; 0          ; 1          ;
; alu_op.STORE ; 0           ; 0          ; 0           ; 0          ; 1            ; 0           ; 0          ; 0          ; 0          ; 0           ; 0          ; 0           ; 0          ; 0          ; 0          ; 1          ;
; alu_op.DIN   ; 0           ; 0          ; 0           ; 1          ; 0            ; 0           ; 0          ; 0          ; 0          ; 0           ; 0          ; 0           ; 0          ; 0          ; 0          ; 1          ;
; alu_op.DOUT  ; 0           ; 0          ; 1           ; 0          ; 0            ; 0           ; 0          ; 0          ; 0          ; 0           ; 0          ; 0           ; 0          ; 0          ; 0          ; 1          ;
; alu_op.MOV   ; 0           ; 1          ; 0           ; 0          ; 0            ; 0           ; 0          ; 0          ; 0          ; 0           ; 0          ; 0           ; 0          ; 0          ; 0          ; 1          ;
; alu_op.HALT  ; 1           ; 0          ; 0           ; 0          ; 0            ; 0           ; 0          ; 0          ; 0          ; 0           ; 0          ; 0           ; 0          ; 0          ; 0          ; 1          ;
+--------------+-------------+------------+-------------+------------+--------------+-------------+------------+------------+------------+-------------+------------+-------------+------------+------------+------------+------------+


Encoding Type:  One-Hot
+------------------------------------------------------------------------------------------------------------------------------------------------------------------------------------------------------------------------------------------------------------------------------------------------------------------------------------------------------------------------------------------------------------------------------------------------------------------+
; State Machine - |CentralProcessingUnit|\ControlUnit:opcode                                                                                                                                                                                                                                                                                                                                                                                                       ;
+---------------------------+--------------------------+-------------------------+--------------------------+-------------------------+---------------------------+--------------------------+-------------------------+-------------------------+-------------------------+--------------------------+-------------------------+--------------------------+-------------------------+-------------------------+-------------------------+-------------------------+
; Name                      ; \ControlUnit:opcode.HALT ; \ControlUnit:opcode.MOV ; \ControlUnit:opcode.DOUT ; \ControlUnit:opcode.DIN ; \ControlUnit:opcode.STORE ; \ControlUnit:opcode.LOAD ; \ControlUnit:opcode.JGR ; \ControlUnit:opcode.JEQ ; \ControlUnit:opcode.JMP ; \ControlUnit:opcode.LNOT ; \ControlUnit:opcode.LOR ; \ControlUnit:opcode.LAND ; \ControlUnit:opcode.CMP ; \ControlUnit:opcode.SUB ; \ControlUnit:opcode.ADD ; \ControlUnit:opcode.NOP ;
+---------------------------+--------------------------+-------------------------+--------------------------+-------------------------+---------------------------+--------------------------+-------------------------+-------------------------+-------------------------+--------------------------+-------------------------+--------------------------+-------------------------+-------------------------+-------------------------+-------------------------+
; \ControlUnit:opcode.NOP   ; 0                        ; 0                       ; 0                        ; 0                       ; 0                         ; 0                        ; 0                       ; 0                       ; 0                       ; 0                        ; 0                       ; 0                        ; 0                       ; 0                       ; 0                       ; 0                       ;
; \ControlUnit:opcode.ADD   ; 0                        ; 0                       ; 0                        ; 0                       ; 0                         ; 0                        ; 0                       ; 0                       ; 0                       ; 0                        ; 0                       ; 0                        ; 0                       ; 0                       ; 1                       ; 1                       ;
; \ControlUnit:opcode.SUB   ; 0                        ; 0                       ; 0                        ; 0                       ; 0                         ; 0                        ; 0                       ; 0                       ; 0                       ; 0                        ; 0                       ; 0                        ; 0                       ; 1                       ; 0                       ; 1                       ;
; \ControlUnit:opcode.CMP   ; 0                        ; 0                       ; 0                        ; 0                       ; 0                         ; 0                        ; 0                       ; 0                       ; 0                       ; 0                        ; 0                       ; 0                        ; 1                       ; 0                       ; 0                       ; 1                       ;
; \ControlUnit:opcode.LAND  ; 0                        ; 0                       ; 0                        ; 0                       ; 0                         ; 0                        ; 0                       ; 0                       ; 0                       ; 0                        ; 0                       ; 1                        ; 0                       ; 0                       ; 0                       ; 1                       ;
; \ControlUnit:opcode.LOR   ; 0                        ; 0                       ; 0                        ; 0                       ; 0                         ; 0                        ; 0                       ; 0                       ; 0                       ; 0                        ; 1                       ; 0                        ; 0                       ; 0                       ; 0                       ; 1                       ;
; \ControlUnit:opcode.LNOT  ; 0                        ; 0                       ; 0                        ; 0                       ; 0                         ; 0                        ; 0                       ; 0                       ; 0                       ; 1                        ; 0                       ; 0                        ; 0                       ; 0                       ; 0                       ; 1                       ;
; \ControlUnit:opcode.JMP   ; 0                        ; 0                       ; 0                        ; 0                       ; 0                         ; 0                        ; 0                       ; 0                       ; 1                       ; 0                        ; 0                       ; 0                        ; 0                       ; 0                       ; 0                       ; 1                       ;
; \ControlUnit:opcode.JEQ   ; 0                        ; 0                       ; 0                        ; 0                       ; 0                         ; 0                        ; 0                       ; 1                       ; 0                       ; 0                        ; 0                       ; 0                        ; 0                       ; 0                       ; 0                       ; 1                       ;
; \ControlUnit:opcode.JGR   ; 0                        ; 0                       ; 0                        ; 0                       ; 0                         ; 0                        ; 1                       ; 0                       ; 0                       ; 0                        ; 0                       ; 0                        ; 0                       ; 0                       ; 0                       ; 1                       ;
; \ControlUnit:opcode.LOAD  ; 0                        ; 0                       ; 0                        ; 0                       ; 0                         ; 1                        ; 0                       ; 0                       ; 0                       ; 0                        ; 0                       ; 0                        ; 0                       ; 0                       ; 0                       ; 1                       ;
; \ControlUnit:opcode.STORE ; 0                        ; 0                       ; 0                        ; 0                       ; 1                         ; 0                        ; 0                       ; 0                       ; 0                       ; 0                        ; 0                       ; 0                        ; 0                       ; 0                       ; 0                       ; 1                       ;
; \ControlUnit:opcode.DIN   ; 0                        ; 0                       ; 0                        ; 1                       ; 0                         ; 0                        ; 0                       ; 0                       ; 0                       ; 0                        ; 0                       ; 0                        ; 0                       ; 0                       ; 0                       ; 1                       ;
; \ControlUnit:opcode.DOUT  ; 0                        ; 0                       ; 1                        ; 0                       ; 0                         ; 0                        ; 0                       ; 0                       ; 0                       ; 0                        ; 0                       ; 0                        ; 0                       ; 0                       ; 0                       ; 1                       ;
; \ControlUnit:opcode.MOV   ; 0                        ; 1                       ; 0                        ; 0                       ; 0                         ; 0                        ; 0                       ; 0                       ; 0                       ; 0                        ; 0                       ; 0                        ; 0                       ; 0                       ; 0                       ; 1                       ;
; \ControlUnit:opcode.HALT  ; 1                        ; 0                       ; 0                        ; 0                       ; 0                         ; 0                        ; 0                       ; 0                       ; 0                       ; 0                        ; 0                       ; 0                        ; 0                       ; 0                       ; 0                       ; 1                       ;
+---------------------------+--------------------------+-------------------------+--------------------------+-------------------------+---------------------------+--------------------------+-------------------------+-------------------------+-------------------------+--------------------------+-------------------------+--------------------------+-------------------------+-------------------------+-------------------------+-------------------------+


Encoding Type:  One-Hot
+--------------------------------------------------------------------------------------------------------------------------------------------------------------------------------------+
; State Machine - |CentralProcessingUnit|\ControlUnit:next_state                                                                                                                       ;
+---------------------------------------+------------------------------------+---------------------------------------+---------------------------------+-------------------------------+
; Name                                  ; \ControlUnit:next_state.write_back ; \ControlUnit:next_state.memory_access ; \ControlUnit:next_state.execute ; \ControlUnit:next_state.fetch ;
+---------------------------------------+------------------------------------+---------------------------------------+---------------------------------+-------------------------------+
; \ControlUnit:next_state.fetch         ; 0                                  ; 0                                     ; 0                               ; 0                             ;
; \ControlUnit:next_state.execute       ; 0                                  ; 0                                     ; 1                               ; 1                             ;
; \ControlUnit:next_state.memory_access ; 0                                  ; 1                                     ; 0                               ; 1                             ;
; \ControlUnit:next_state.write_back    ; 1                                  ; 0                                     ; 0                               ; 1                             ;
+---------------------------------------+------------------------------------+---------------------------------------+---------------------------------+-------------------------------+


+---------------------------------------------------------------------------------------------------------------+
; User-Specified and Inferred Latches                                                                           ;
+----------------------------------------------------+---------------------------------+------------------------+
; Latch Name                                         ; Latch Enable Signal             ; Free of Timing Hazards ;
+----------------------------------------------------+---------------------------------+------------------------+
; ArithmeticLogicUnit:alu|zero                       ; ArithmeticLogicUnit:alu|WideOr0 ; yes                    ;
; ArithmeticLogicUnit:alu|signal_bit                 ; ArithmeticLogicUnit:alu|WideOr0 ; yes                    ;
; Number of user-specified and inferred latches = 2  ;                                 ;                        ;
+----------------------------------------------------+---------------------------------+------------------------+
Note: All latches listed above may not be present at the end of synthesis due to various synthesis optimizations.


+-------------------------------------------------------------+
; Registers Removed During Synthesis                          ;
+----------------------------------------+--------------------+
; Register name                          ; Reason for Removal ;
+----------------------------------------+--------------------+
; alu_op.NOP                             ; Lost fanout        ;
; alu_op.JMP                             ; Lost fanout        ;
; alu_op.JEQ                             ; Lost fanout        ;
; alu_op.JGR                             ; Lost fanout        ;
; alu_op.LOAD                            ; Lost fanout        ;
; alu_op.STORE                           ; Lost fanout        ;
; alu_op.DIN                             ; Lost fanout        ;
; alu_op.DOUT                            ; Lost fanout        ;
; alu_op.MOV                             ; Lost fanout        ;
; alu_op.HALT                            ; Lost fanout        ;
; rd[0,1]                                ; Lost fanout        ;
; rs[0][0]                               ; Lost fanout        ;
; rs[0][1]                               ; Lost fanout        ;
; Total Number of Removed Registers = 14 ;                    ;
+----------------------------------------+--------------------+


+-----------------------------------------------------------------------------+
; Removed Registers Triggering Further Register Optimizations                 ;
+---------------+--------------------+----------------------------------------+
; Register name ; Reason for Removal ; Registers Removed due to This Register ;
+---------------+--------------------+----------------------------------------+
; rd[0]         ; Lost Fanouts       ; rs[0][0]                               ;
; rd[1]         ; Lost Fanouts       ; rs[0][1]                               ;
+---------------+--------------------+----------------------------------------+


+------------------------------------------------------+
; General Register Statistics                          ;
+----------------------------------------------+-------+
; Statistic                                    ; Value ;
+----------------------------------------------+-------+
; Total registers                              ; 120   ;
; Number of registers using Synchronous Clear  ; 1     ;
; Number of registers using Synchronous Load   ; 16    ;
; Number of registers using Asynchronous Clear ; 37    ;
; Number of registers using Asynchronous Load  ; 0     ;
; Number of registers using Clock Enable       ; 58    ;
; Number of registers using Preset             ; 0     ;
+----------------------------------------------+-------+


+---------------------------------------------------+
; Inverted Register Statistics                      ;
+-----------------------------------------+---------+
; Inverted Register                       ; Fan out ;
+-----------------------------------------+---------+
; Memory:mem|mem~18                       ; 2       ;
; Memory:mem|mem_rtl_0_bypass[18]         ; 2       ;
; Memory:mem|mem_rtl_0_bypass[17]         ; 2       ;
; Memory:mem|mem~24                       ; 2       ;
; Memory:mem|mem_rtl_0_bypass[30]         ; 2       ;
; Memory:mem|mem_rtl_0_bypass[29]         ; 6       ;
; Memory:mem|mem~25                       ; 2       ;
; Memory:mem|mem_rtl_0_bypass[32]         ; 2       ;
; Memory:mem|mem_rtl_0_bypass[31]         ; 6       ;
; Memory:mem|mem_rtl_0_bypass[28]         ; 2       ;
; Memory:mem|mem_rtl_0_bypass[26]         ; 2       ;
; Memory:mem|mem~19                       ; 2       ;
; Memory:mem|mem_rtl_0_bypass[20]         ; 2       ;
; Memory:mem|mem_rtl_0_bypass[19]         ; 2       ;
; Memory:mem|mem_rtl_0_bypass[22]         ; 2       ;
; Memory:mem|mem_rtl_0_bypass[24]         ; 2       ;
; Total number of inverted registers = 16 ;         ;
+-----------------------------------------+---------+


+--------------------------------------------------------+
; Registers Added for RAM Pass-Through Logic             ;
+---------------------------------+----------------------+
; Register Name                   ; RAM Name             ;
+---------------------------------+----------------------+
; Memory:mem|mem_rtl_0_bypass[0]  ; Memory:mem|mem_rtl_0 ;
; Memory:mem|mem_rtl_0_bypass[1]  ; Memory:mem|mem_rtl_0 ;
; Memory:mem|mem_rtl_0_bypass[2]  ; Memory:mem|mem_rtl_0 ;
; Memory:mem|mem_rtl_0_bypass[3]  ; Memory:mem|mem_rtl_0 ;
; Memory:mem|mem_rtl_0_bypass[4]  ; Memory:mem|mem_rtl_0 ;
; Memory:mem|mem_rtl_0_bypass[5]  ; Memory:mem|mem_rtl_0 ;
; Memory:mem|mem_rtl_0_bypass[6]  ; Memory:mem|mem_rtl_0 ;
; Memory:mem|mem_rtl_0_bypass[7]  ; Memory:mem|mem_rtl_0 ;
; Memory:mem|mem_rtl_0_bypass[8]  ; Memory:mem|mem_rtl_0 ;
; Memory:mem|mem_rtl_0_bypass[9]  ; Memory:mem|mem_rtl_0 ;
; Memory:mem|mem_rtl_0_bypass[10] ; Memory:mem|mem_rtl_0 ;
; Memory:mem|mem_rtl_0_bypass[11] ; Memory:mem|mem_rtl_0 ;
; Memory:mem|mem_rtl_0_bypass[12] ; Memory:mem|mem_rtl_0 ;
; Memory:mem|mem_rtl_0_bypass[13] ; Memory:mem|mem_rtl_0 ;
; Memory:mem|mem_rtl_0_bypass[14] ; Memory:mem|mem_rtl_0 ;
; Memory:mem|mem_rtl_0_bypass[15] ; Memory:mem|mem_rtl_0 ;
; Memory:mem|mem_rtl_0_bypass[16] ; Memory:mem|mem_rtl_0 ;
; Memory:mem|mem_rtl_0_bypass[17] ; Memory:mem|mem_rtl_0 ;
; Memory:mem|mem_rtl_0_bypass[18] ; Memory:mem|mem_rtl_0 ;
; Memory:mem|mem_rtl_0_bypass[19] ; Memory:mem|mem_rtl_0 ;
; Memory:mem|mem_rtl_0_bypass[20] ; Memory:mem|mem_rtl_0 ;
; Memory:mem|mem_rtl_0_bypass[21] ; Memory:mem|mem_rtl_0 ;
; Memory:mem|mem_rtl_0_bypass[22] ; Memory:mem|mem_rtl_0 ;
; Memory:mem|mem_rtl_0_bypass[23] ; Memory:mem|mem_rtl_0 ;
; Memory:mem|mem_rtl_0_bypass[24] ; Memory:mem|mem_rtl_0 ;
; Memory:mem|mem_rtl_0_bypass[25] ; Memory:mem|mem_rtl_0 ;
; Memory:mem|mem_rtl_0_bypass[26] ; Memory:mem|mem_rtl_0 ;
; Memory:mem|mem_rtl_0_bypass[27] ; Memory:mem|mem_rtl_0 ;
; Memory:mem|mem_rtl_0_bypass[28] ; Memory:mem|mem_rtl_0 ;
; Memory:mem|mem_rtl_0_bypass[29] ; Memory:mem|mem_rtl_0 ;
; Memory:mem|mem_rtl_0_bypass[30] ; Memory:mem|mem_rtl_0 ;
; Memory:mem|mem_rtl_0_bypass[31] ; Memory:mem|mem_rtl_0 ;
; Memory:mem|mem_rtl_0_bypass[32] ; Memory:mem|mem_rtl_0 ;
+---------------------------------+----------------------+


+------------------------------------------------------------------------------------------------------------------------------------------------------------------------+
; Multiplexer Restructuring Statistics (Restructuring Performed)                                                                                                         ;
+--------------------+-----------+---------------+----------------------+------------------------+------------+----------------------------------------------------------+
; Multiplexer Inputs ; Bus Width ; Baseline Area ; Area if Restructured ; Saving if Restructured ; Registered ; Example Multiplexer Output                               ;
+--------------------+-----------+---------------+----------------------+------------------------+------------+----------------------------------------------------------+
; 3:1                ; 8 bits    ; 16 LEs        ; 0 LEs                ; 16 LEs                 ; Yes        ; |CentralProcessingUnit|\ControlUnit:pc[5]                ;
; 4:1                ; 8 bits    ; 16 LEs        ; 16 LEs               ; 0 LEs                  ; Yes        ; |CentralProcessingUnit|wb[4]                             ;
; 3:1                ; 4 bits    ; 8 LEs         ; 8 LEs                ; 0 LEs                  ; No         ; |CentralProcessingUnit|\ControlUnit:opcode.LAND          ;
; 3:1                ; 4 bits    ; 8 LEs         ; 8 LEs                ; 0 LEs                  ; No         ; |CentralProcessingUnit|\ControlUnit:opcode.STORE         ;
; 3:1                ; 4 bits    ; 8 LEs         ; 8 LEs                ; 0 LEs                  ; No         ; |CentralProcessingUnit|\ControlUnit:opcode.DOUT          ;
; 3:1                ; 4 bits    ; 8 LEs         ; 8 LEs                ; 0 LEs                  ; No         ; |CentralProcessingUnit|\ControlUnit:opcode.NOP           ;
; 4:1                ; 8 bits    ; 16 LEs        ; 16 LEs               ; 0 LEs                  ; No         ; |CentralProcessingUnit|Selector31                        ;
; 5:1                ; 8 bits    ; 24 LEs        ; 24 LEs               ; 0 LEs                  ; No         ; |CentralProcessingUnit|ArithmeticLogicUnit:alu|Selector3 ;
; 8:1                ; 8 bits    ; 40 LEs        ; 16 LEs               ; 24 LEs                 ; No         ; |CentralProcessingUnit|Selector3                         ;
+--------------------+-----------+---------------+----------------------+------------------------+------------+----------------------------------------------------------+


+---------------------------------------------------------------------------------------+
; Source assignments for Memory:mem|altsyncram:mem_rtl_0|altsyncram_avm1:auto_generated ;
+---------------------------------+--------------------+------+-------------------------+
; Assignment                      ; Value              ; From ; To                      ;
+---------------------------------+--------------------+------+-------------------------+
; OPTIMIZE_POWER_DURING_SYNTHESIS ; NORMAL_COMPILATION ; -    ; -                       ;
+---------------------------------+--------------------+------+-------------------------+


+---------------------------------------------------------------------------------------------+
; Parameter Settings for Inferred Entity Instance: Memory:mem|altsyncram:mem_rtl_0            ;
+------------------------------------+---------------------------------------+----------------+
; Parameter Name                     ; Value                                 ; Type           ;
+------------------------------------+---------------------------------------+----------------+
; BYTE_SIZE_BLOCK                    ; 8                                     ; Untyped        ;
; AUTO_CARRY_CHAINS                  ; ON                                    ; AUTO_CARRY     ;
; IGNORE_CARRY_BUFFERS               ; OFF                                   ; IGNORE_CARRY   ;
; AUTO_CASCADE_CHAINS                ; ON                                    ; AUTO_CASCADE   ;
; IGNORE_CASCADE_BUFFERS             ; OFF                                   ; IGNORE_CASCADE ;
; WIDTH_BYTEENA                      ; 1                                     ; Untyped        ;
; OPERATION_MODE                     ; DUAL_PORT                             ; Untyped        ;
; WIDTH_A                            ; 8                                     ; Untyped        ;
; WIDTHAD_A                          ; 8                                     ; Untyped        ;
; NUMWORDS_A                         ; 256                                   ; Untyped        ;
; OUTDATA_REG_A                      ; UNREGISTERED                          ; Untyped        ;
; ADDRESS_ACLR_A                     ; NONE                                  ; Untyped        ;
; OUTDATA_ACLR_A                     ; NONE                                  ; Untyped        ;
; WRCONTROL_ACLR_A                   ; NONE                                  ; Untyped        ;
; INDATA_ACLR_A                      ; NONE                                  ; Untyped        ;
; BYTEENA_ACLR_A                     ; NONE                                  ; Untyped        ;
; WIDTH_B                            ; 8                                     ; Untyped        ;
; WIDTHAD_B                          ; 8                                     ; Untyped        ;
; NUMWORDS_B                         ; 256                                   ; Untyped        ;
; INDATA_REG_B                       ; CLOCK1                                ; Untyped        ;
; WRCONTROL_WRADDRESS_REG_B          ; CLOCK1                                ; Untyped        ;
; RDCONTROL_REG_B                    ; CLOCK1                                ; Untyped        ;
; ADDRESS_REG_B                      ; CLOCK0                                ; Untyped        ;
; OUTDATA_REG_B                      ; UNREGISTERED                          ; Untyped        ;
; BYTEENA_REG_B                      ; CLOCK1                                ; Untyped        ;
; INDATA_ACLR_B                      ; NONE                                  ; Untyped        ;
; WRCONTROL_ACLR_B                   ; NONE                                  ; Untyped        ;
; ADDRESS_ACLR_B                     ; NONE                                  ; Untyped        ;
; OUTDATA_ACLR_B                     ; NONE                                  ; Untyped        ;
; RDCONTROL_ACLR_B                   ; NONE                                  ; Untyped        ;
; BYTEENA_ACLR_B                     ; NONE                                  ; Untyped        ;
; WIDTH_BYTEENA_A                    ; 1                                     ; Untyped        ;
; WIDTH_BYTEENA_B                    ; 1                                     ; Untyped        ;
; RAM_BLOCK_TYPE                     ; AUTO                                  ; Untyped        ;
; BYTE_SIZE                          ; 8                                     ; Untyped        ;
; READ_DURING_WRITE_MODE_MIXED_PORTS ; DONT_CARE                             ; Untyped        ;
; READ_DURING_WRITE_MODE_PORT_A      ; NEW_DATA_NO_NBE_READ                  ; Untyped        ;
; READ_DURING_WRITE_MODE_PORT_B      ; NEW_DATA_NO_NBE_READ                  ; Untyped        ;
; INIT_FILE                          ; db/myCPU.ram0_Memory_a0c6519c.hdl.mif ; Untyped        ;
; INIT_FILE_LAYOUT                   ; PORT_A                                ; Untyped        ;
; MAXIMUM_DEPTH                      ; 0                                     ; Untyped        ;
; CLOCK_ENABLE_INPUT_A               ; NORMAL                                ; Untyped        ;
; CLOCK_ENABLE_INPUT_B               ; NORMAL                                ; Untyped        ;
; CLOCK_ENABLE_OUTPUT_A              ; NORMAL                                ; Untyped        ;
; CLOCK_ENABLE_OUTPUT_B              ; NORMAL                                ; Untyped        ;
; CLOCK_ENABLE_CORE_A                ; USE_INPUT_CLKEN                       ; Untyped        ;
; CLOCK_ENABLE_CORE_B                ; USE_INPUT_CLKEN                       ; Untyped        ;
; ENABLE_ECC                         ; FALSE                                 ; Untyped        ;
; ECC_PIPELINE_STAGE_ENABLED         ; FALSE                                 ; Untyped        ;
; WIDTH_ECCSTATUS                    ; 3                                     ; Untyped        ;
; DEVICE_FAMILY                      ; Cyclone V                             ; Untyped        ;
; CBXI_PARAMETER                     ; altsyncram_avm1                       ; Untyped        ;
+------------------------------------+---------------------------------------+----------------+
Note: In order to hide this table in the UI and the text report file, please set the "Show Parameter Settings in Synthesis Report" option in "Analysis and Synthesis Settings -> More Settings" to "Off".


+-----------------------------------------------------------------------------+
; altsyncram Parameter Settings by Entity Instance                            ;
+-------------------------------------------+---------------------------------+
; Name                                      ; Value                           ;
+-------------------------------------------+---------------------------------+
; Number of entity instances                ; 1                               ;
; Entity Instance                           ; Memory:mem|altsyncram:mem_rtl_0 ;
;     -- OPERATION_MODE                     ; DUAL_PORT                       ;
;     -- WIDTH_A                            ; 8                               ;
;     -- NUMWORDS_A                         ; 256                             ;
;     -- OUTDATA_REG_A                      ; UNREGISTERED                    ;
;     -- WIDTH_B                            ; 8                               ;
;     -- NUMWORDS_B                         ; 256                             ;
;     -- ADDRESS_REG_B                      ; CLOCK0                          ;
;     -- OUTDATA_REG_B                      ; UNREGISTERED                    ;
;     -- RAM_BLOCK_TYPE                     ; AUTO                            ;
;     -- READ_DURING_WRITE_MODE_MIXED_PORTS ; DONT_CARE                       ;
+-------------------------------------------+---------------------------------+


+--------------------------------------------------------------------------------------------------------------------+
; Port Connectivity Checks: "ArithmeticLogicUnit:alu"                                                                ;
+----------+--------+----------+-------------------------------------------------------------------------------------+
; Port     ; Type   ; Severity ; Details                                                                             ;
+----------+--------+----------+-------------------------------------------------------------------------------------+
; overflow ; Output ; Info     ; Connected to dangling logic. Logic that only feeds a dangling port will be removed. ;
+----------+--------+----------+-------------------------------------------------------------------------------------+


+-----------------------------------------------------+
; Post-Synthesis Netlist Statistics for Top Partition ;
+-----------------------+-----------------------------+
; Type                  ; Count                       ;
+-----------------------+-----------------------------+
; arriav_ff             ; 120                         ;
;     CLR               ; 20                          ;
;     CLR SCLR          ; 1                           ;
;     ENA               ; 34                          ;
;     ENA CLR           ; 8                           ;
;     ENA CLR SLD       ; 8                           ;
;     ENA SLD           ; 8                           ;
;     plain             ; 41                          ;
; arriav_lcell_comb     ; 154                         ;
;     arith             ; 18                          ;
;         1 data inputs ; 9                           ;
;         3 data inputs ; 9                           ;
;     extend            ; 1                           ;
;         7 data inputs ; 1                           ;
;     normal            ; 135                         ;
;         1 data inputs ; 8                           ;
;         2 data inputs ; 12                          ;
;         3 data inputs ; 18                          ;
;         4 data inputs ; 11                          ;
;         5 data inputs ; 20                          ;
;         6 data inputs ; 66                          ;
; boundary_port         ; 20                          ;
; stratixv_ram_block    ; 8                           ;
;                       ;                             ;
; Max LUT depth         ; 4.40                        ;
; Average LUT depth     ; 3.13                        ;
+-----------------------+-----------------------------+


+-------------------------------+
; Elapsed Time Per Partition    ;
+----------------+--------------+
; Partition Name ; Elapsed Time ;
+----------------+--------------+
; Top            ; 00:00:00     ;
+----------------+--------------+


+-------------------------------+
; Analysis & Synthesis Messages ;
+-------------------------------+
Info: *******************************************************************
Info: Running Quartus Prime Analysis & Synthesis
    Info: Version 21.1.0 Build 842 10/21/2021 SJ Lite Edition
    Info: Processing started: Mon Nov 25 11:48:57 2024
Info: Command: quartus_map --read_settings_files=on --write_settings_files=off myCPU -c myCPU
Warning (18236): Number of processors has not been specified which may cause overloading on shared machines.  Set the global assignment NUM_PARALLEL_PROCESSORS in your QSF to an appropriate value for best performance.
Info (20030): Parallel compilation is enabled and will use 4 of the 4 processors detected
Info (12021): Found 2 design units, including 1 entities, in source file arithmeticlogicunit.vhd
    Info (12022): Found design unit 1: ArithmeticLogicUnit-Behaviour File: C:/Users/12543033/Desktop/myCPU/ArithmeticLogicUnit.vhd Line: 15
    Info (12023): Found entity 1: ArithmeticLogicUnit File: C:/Users/12543033/Desktop/myCPU/ArithmeticLogicUnit.vhd Line: 6
Info (12021): Found 2 design units, including 1 entities, in source file centralprocessingunit.vhd
    Info (12022): Found design unit 1: CentralProcessingUnit-Structural File: C:/Users/12543033/Desktop/myCPU/CentralProcessingUnit.vhd Line: 15
    Info (12023): Found entity 1: CentralProcessingUnit File: C:/Users/12543033/Desktop/myCPU/CentralProcessingUnit.vhd Line: 6
Info (12021): Found 2 design units, including 0 entities, in source file instructions_t.vhd
    Info (12022): Found design unit 1: instructions_t File: C:/Users/12543033/Desktop/myCPU/instructions_t.vhd Line: 5
    Info (12022): Found design unit 2: instructions_t-body File: C:/Users/12543033/Desktop/myCPU/instructions_t.vhd Line: 46
Info (12021): Found 2 design units, including 1 entities, in source file memory.vhd
    Info (12022): Found design unit 1: Memory-Behaviour File: C:/Users/12543033/Desktop/myCPU/Memory.vhd Line: 14
    Info (12023): Found entity 1: Memory File: C:/Users/12543033/Desktop/myCPU/Memory.vhd Line: 6
Info (12021): Found 2 design units, including 1 entities, in source file registers.vhd
    Info (12022): Found design unit 1: Registers-DataFlow File: C:/Users/12543033/Desktop/myCPU/Registers.vhd Line: 15
    Info (12023): Found entity 1: Registers File: C:/Users/12543033/Desktop/myCPU/Registers.vhd Line: 6
Info (12127): Elaborating entity "CentralProcessingUnit" for the top level hierarchy
Warning (10036): Verilog HDL or VHDL warning at CentralProcessingUnit.vhd(24): object "overflow" assigned a value but never read File: C:/Users/12543033/Desktop/myCPU/CentralProcessingUnit.vhd Line: 24
Info (12128): Elaborating entity "Memory" for hierarchy "Memory:mem" File: C:/Users/12543033/Desktop/myCPU/CentralProcessingUnit.vhd Line: 56
Warning (10492): VHDL Process Statement warning at Memory.vhd(76): signal "wren" is read inside the Process Statement but isn't in the Process Statement's sensitivity list File: C:/Users/12543033/Desktop/myCPU/Memory.vhd Line: 76
Info (12128): Elaborating entity "Registers" for hierarchy "Registers:regs" File: C:/Users/12543033/Desktop/myCPU/CentralProcessingUnit.vhd Line: 65
Info (12128): Elaborating entity "ArithmeticLogicUnit" for hierarchy "ArithmeticLogicUnit:alu" File: C:/Users/12543033/Desktop/myCPU/CentralProcessingUnit.vhd Line: 73
Warning (10631): VHDL Process Statement warning at ArithmeticLogicUnit.vhd(17): inferring latch(es) for signal or variable "overflow", which holds its previous value in one or more paths through the process File: C:/Users/12543033/Desktop/myCPU/ArithmeticLogicUnit.vhd Line: 17
Warning (10631): VHDL Process Statement warning at ArithmeticLogicUnit.vhd(17): inferring latch(es) for signal or variable "zero", which holds its previous value in one or more paths through the process File: C:/Users/12543033/Desktop/myCPU/ArithmeticLogicUnit.vhd Line: 17
Warning (10631): VHDL Process Statement warning at ArithmeticLogicUnit.vhd(17): inferring latch(es) for signal or variable "signal_bit", which holds its previous value in one or more paths through the process File: C:/Users/12543033/Desktop/myCPU/ArithmeticLogicUnit.vhd Line: 17
Info (10041): Inferred latch for "signal_bit" at ArithmeticLogicUnit.vhd(17) File: C:/Users/12543033/Desktop/myCPU/ArithmeticLogicUnit.vhd Line: 17
Info (10041): Inferred latch for "zero" at ArithmeticLogicUnit.vhd(17) File: C:/Users/12543033/Desktop/myCPU/ArithmeticLogicUnit.vhd Line: 17
Info (10041): Inferred latch for "overflow" at ArithmeticLogicUnit.vhd(17) File: C:/Users/12543033/Desktop/myCPU/ArithmeticLogicUnit.vhd Line: 17
Warning (276020): Inferred RAM node "Memory:mem|mem_rtl_0" from synchronous design logic.  Pass-through logic has been added to match the read-during-write behavior of the original design.
Warning (14026): LATCH primitive "Registers:regs|regs~0" is permanently enabled File: C:/Users/12543033/Desktop/myCPU/Registers.vhd Line: 16
Warning (14026): LATCH primitive "Registers:regs|regs~1" is permanently enabled File: C:/Users/12543033/Desktop/myCPU/Registers.vhd Line: 16
Warning (14026): LATCH primitive "Registers:regs|regs~2" is permanently enabled File: C:/Users/12543033/Desktop/myCPU/Registers.vhd Line: 16
Warning (14026): LATCH primitive "Registers:regs|regs~3" is permanently enabled File: C:/Users/12543033/Desktop/myCPU/Registers.vhd Line: 16
Warning (14026): LATCH primitive "Registers:regs|regs~4" is permanently enabled File: C:/Users/12543033/Desktop/myCPU/Registers.vhd Line: 16
Warning (14026): LATCH primitive "Registers:regs|regs~5" is permanently enabled File: C:/Users/12543033/Desktop/myCPU/Registers.vhd Line: 16
Warning (14026): LATCH primitive "Registers:regs|regs~6" is permanently enabled File: C:/Users/12543033/Desktop/myCPU/Registers.vhd Line: 16
Warning (14026): LATCH primitive "Registers:regs|regs~7" is permanently enabled File: C:/Users/12543033/Desktop/myCPU/Registers.vhd Line: 16
Warning (14026): LATCH primitive "Registers:regs|regs~8" is permanently enabled File: C:/Users/12543033/Desktop/myCPU/Registers.vhd Line: 16
Warning (14026): LATCH primitive "Registers:regs|regs~9" is permanently enabled File: C:/Users/12543033/Desktop/myCPU/Registers.vhd Line: 16
Warning (14026): LATCH primitive "Registers:regs|regs~10" is permanently enabled File: C:/Users/12543033/Desktop/myCPU/Registers.vhd Line: 16
Warning (14026): LATCH primitive "Registers:regs|regs~11" is permanently enabled File: C:/Users/12543033/Desktop/myCPU/Registers.vhd Line: 16
Warning (14026): LATCH primitive "Registers:regs|regs~12" is permanently enabled File: C:/Users/12543033/Desktop/myCPU/Registers.vhd Line: 16
Warning (14026): LATCH primitive "Registers:regs|regs~13" is permanently enabled File: C:/Users/12543033/Desktop/myCPU/Registers.vhd Line: 16
Warning (14026): LATCH primitive "Registers:regs|regs~14" is permanently enabled File: C:/Users/12543033/Desktop/myCPU/Registers.vhd Line: 16
Warning (14026): LATCH primitive "Registers:regs|regs~15" is permanently enabled File: C:/Users/12543033/Desktop/myCPU/Registers.vhd Line: 16
Warning (14026): LATCH primitive "Registers:regs|regs~16" is permanently enabled File: C:/Users/12543033/Desktop/myCPU/Registers.vhd Line: 16
Warning (14026): LATCH primitive "Registers:regs|regs~17" is permanently enabled File: C:/Users/12543033/Desktop/myCPU/Registers.vhd Line: 16
Warning (14026): LATCH primitive "Registers:regs|regs~18" is permanently enabled File: C:/Users/12543033/Desktop/myCPU/Registers.vhd Line: 16
Warning (14026): LATCH primitive "Registers:regs|regs~19" is permanently enabled File: C:/Users/12543033/Desktop/myCPU/Registers.vhd Line: 16
Warning (14026): LATCH primitive "Registers:regs|regs~20" is permanently enabled File: C:/Users/12543033/Desktop/myCPU/Registers.vhd Line: 16
Warning (14026): LATCH primitive "Registers:regs|regs~21" is permanently enabled File: C:/Users/12543033/Desktop/myCPU/Registers.vhd Line: 16
Warning (14026): LATCH primitive "Registers:regs|regs~22" is permanently enabled File: C:/Users/12543033/Desktop/myCPU/Registers.vhd Line: 16
Warning (14026): LATCH primitive "Registers:regs|regs~23" is permanently enabled File: C:/Users/12543033/Desktop/myCPU/Registers.vhd Line: 16
Warning (14026): LATCH primitive "Registers:regs|regs~24" is permanently enabled File: C:/Users/12543033/Desktop/myCPU/Registers.vhd Line: 16
Warning (14026): LATCH primitive "Registers:regs|regs~25" is permanently enabled File: C:/Users/12543033/Desktop/myCPU/Registers.vhd Line: 16
Warning (14026): LATCH primitive "Registers:regs|regs~26" is permanently enabled File: C:/Users/12543033/Desktop/myCPU/Registers.vhd Line: 16
Warning (14026): LATCH primitive "Registers:regs|regs~27" is permanently enabled File: C:/Users/12543033/Desktop/myCPU/Registers.vhd Line: 16
Warning (14026): LATCH primitive "Registers:regs|regs~28" is permanently enabled File: C:/Users/12543033/Desktop/myCPU/Registers.vhd Line: 16
Warning (14026): LATCH primitive "Registers:regs|regs~29" is permanently enabled File: C:/Users/12543033/Desktop/myCPU/Registers.vhd Line: 16
Warning (14026): LATCH primitive "Registers:regs|regs~30" is permanently enabled File: C:/Users/12543033/Desktop/myCPU/Registers.vhd Line: 16
Warning (14026): LATCH primitive "Registers:regs|regs~31" is permanently enabled File: C:/Users/12543033/Desktop/myCPU/Registers.vhd Line: 16
Info (19000): Inferred 1 megafunctions from design logic
    Info (276029): Inferred altsyncram megafunction from the following design logic: "Memory:mem|mem_rtl_0" 
        Info (286033): Parameter OPERATION_MODE set to DUAL_PORT
        Info (286033): Parameter WIDTH_A set to 8
        Info (286033): Parameter WIDTHAD_A set to 8
        Info (286033): Parameter NUMWORDS_A set to 256
        Info (286033): Parameter WIDTH_B set to 8
        Info (286033): Parameter WIDTHAD_B set to 8
        Info (286033): Parameter NUMWORDS_B set to 256
        Info (286033): Parameter ADDRESS_ACLR_A set to NONE
        Info (286033): Parameter OUTDATA_REG_B set to UNREGISTERED
        Info (286033): Parameter ADDRESS_ACLR_B set to NONE
        Info (286033): Parameter OUTDATA_ACLR_B set to NONE
        Info (286033): Parameter ADDRESS_REG_B set to CLOCK0
        Info (286033): Parameter INDATA_ACLR_A set to NONE
        Info (286033): Parameter WRCONTROL_ACLR_A set to NONE
        Info (286033): Parameter INIT_FILE set to db/myCPU.ram0_Memory_a0c6519c.hdl.mif
Info (12130): Elaborated megafunction instantiation "Memory:mem|altsyncram:mem_rtl_0"
Info (12133): Instantiated megafunction "Memory:mem|altsyncram:mem_rtl_0" with the following parameter:
    Info (12134): Parameter "OPERATION_MODE" = "DUAL_PORT"
    Info (12134): Parameter "WIDTH_A" = "8"
    Info (12134): Parameter "WIDTHAD_A" = "8"
    Info (12134): Parameter "NUMWORDS_A" = "256"
    Info (12134): Parameter "WIDTH_B" = "8"
    Info (12134): Parameter "WIDTHAD_B" = "8"
    Info (12134): Parameter "NUMWORDS_B" = "256"
    Info (12134): Parameter "ADDRESS_ACLR_A" = "NONE"
    Info (12134): Parameter "OUTDATA_REG_B" = "UNREGISTERED"
    Info (12134): Parameter "ADDRESS_ACLR_B" = "NONE"
    Info (12134): Parameter "OUTDATA_ACLR_B" = "NONE"
    Info (12134): Parameter "ADDRESS_REG_B" = "CLOCK0"
    Info (12134): Parameter "INDATA_ACLR_A" = "NONE"
    Info (12134): Parameter "WRCONTROL_ACLR_A" = "NONE"
    Info (12134): Parameter "INIT_FILE" = "db/myCPU.ram0_Memory_a0c6519c.hdl.mif"
Info (12021): Found 1 design units, including 1 entities, in source file db/altsyncram_avm1.tdf
    Info (12023): Found entity 1: altsyncram_avm1 File: C:/Users/12543033/Desktop/myCPU/db/altsyncram_avm1.tdf Line: 28
Info (286030): Timing-Driven Synthesis is running
Info (17049): 14 registers lost all their fanouts during netlist optimizations.
Info (16010): Generating hard_block partition "hard_block:auto_generated_inst"
    Info (16011): Adding 0 node(s), including 0 DDIO, 0 PLL, 0 transceiver and 0 LCELL
Info (21057): Implemented 265 device resources after synthesis - the final resource count might be different
    Info (21058): Implemented 11 input pins
    Info (21059): Implemented 9 output pins
    Info (21061): Implemented 237 logic cells
    Info (21064): Implemented 8 RAM segments
Info: Quartus Prime Analysis & Synthesis was successful. 0 errors, 39 warnings
    Info: Peak virtual memory: 4888 megabytes
    Info: Processing ended: Mon Nov 25 11:49:07 2024
    Info: Elapsed time: 00:00:10
    Info: Total CPU time (on all processors): 00:00:18


